-------------------------------------------------------------------------------
Test set: com.swj.ics.spring_redis.serviceTest.SpringTestCase
-------------------------------------------------------------------------------
Tests run: 1, Failures: 0, Errors: 1, Skipped: 0, Time elapsed: 0 sec <<< FAILURE! - in com.swj.ics.spring_redis.serviceTest.SpringTestCase
initializationError(com.swj.ics.spring_redis.serviceTest.SpringTestCase)  Time elapsed: 0 sec  <<< ERROR!
java.lang.Exception: No runnable methods

